<?xml version="1.0" encoding="UTF-8"?>
<!-- Generated by org.testng.reporters.JUnitXMLReporter -->
<testsuite hostname="DESKTOP-60F5ORQ" failures="1" tests="1" name="test 1" time="0.883" errors="0" timestamp="3 Feb 2021 19:57:17 GMT">
  <testcase classname="com.automation.exam.tests.TravelocityTests" name="testFlightBooking" time="0.869">
    <failure type="java.lang.AssertionError" message="expected [test] but found []">
      <![CDATA[java.lang.AssertionError: expected [test] but found []
	at com.automation.exam.tests.TravelocityTests.testFlightBooking(TravelocityTests.java:14)
... Removed 29 stack frames]]>
    </failure>
  </testcase> <!-- testFlightBooking -->
</testsuite> <!-- test 1 -->
