<?xml version="1.0" encoding="UTF-8"?>
<testng-results total="1" passed="0" failed="1" skipped="0">
  <reporter-output>
  </reporter-output>
  <suite started-at="2021-02-12T12:45:55Z" name="Travelocity" finished-at="2021-02-12T12:46:22Z" duration-ms="26853">
    <groups>
      <group name="Exercises">
        <method signature="TravelocityTests.testCruisesDiscount()[pri:0, instance:com.automation.exam.tests.TravelocityTests@68034211]" name="testCruisesDiscount" class="com.automation.exam.tests.TravelocityTests"/>
      </group> <!-- Exercises -->
    </groups>
    <test started-at="2021-02-12T12:45:55Z" name="test 1" finished-at="2021-02-12T12:46:22Z" duration-ms="26853">
      <class name="com.automation.exam.tests.TravelocityTests">
        <test-method is-config="true" signature="beforeSuite(java.lang.String)[pri:0, instance:com.automation.exam.tests.TravelocityTests@68034211]" started-at="2021-02-12T09:45:55Z" name="beforeSuite" finished-at="2021-02-12T09:46:01Z" duration-ms="6392" status="PASS">
          <params>
            <param index="0">
              <value>
                <![CDATA[chrome]]>
              </value>
            </param>
          </params>
          <reporter-output>
          </reporter-output>
        </test-method> <!-- beforeSuite -->
        <test-method signature="testCruisesDiscount()[pri:0, instance:com.automation.exam.tests.TravelocityTests@68034211]" started-at="2021-02-12T09:46:01Z" name="testCruisesDiscount" finished-at="2021-02-12T09:46:22Z" duration-ms="20446" status="FAIL">
          <exception class="java.lang.AssertionError">
            <message>
              <![CDATA[The following asserts failed:
Cruises button is missing in home page]]>
            </message>
            <full-stacktrace>
              <![CDATA[java.lang.AssertionError: The following asserts failed:
Cruises button is missing in home page
	at org.testng.asserts.SoftAssert.assertAll(SoftAssert.java:37)
	at com.automation.exam.tests.TravelocityTests.testCruisesDiscount(TravelocityTests.java:240)
	at java.base/jdk.internal.reflect.NativeMethodAccessorImpl.invoke0(Native Method)
	at java.base/jdk.internal.reflect.NativeMethodAccessorImpl.invoke(Unknown Source)
	at java.base/jdk.internal.reflect.DelegatingMethodAccessorImpl.invoke(Unknown Source)
	at java.base/java.lang.reflect.Method.invoke(Unknown Source)
	at org.testng.internal.MethodInvocationHelper.invokeMethod(MethodInvocationHelper.java:80)
	at org.testng.internal.Invoker.invokeMethod(Invoker.java:714)
	at org.testng.internal.Invoker.invokeTestMethod(Invoker.java:901)
	at org.testng.internal.Invoker.invokeTestMethods(Invoker.java:1231)
	at org.testng.internal.TestMethodWorker.invokeTestMethods(TestMethodWorker.java:127)
	at org.testng.internal.TestMethodWorker.run(TestMethodWorker.java:111)
	at org.testng.TestRunner.privateRun(TestRunner.java:767)
	at org.testng.TestRunner.run(TestRunner.java:617)
	at org.testng.SuiteRunner.runTest(SuiteRunner.java:334)
	at org.testng.SuiteRunner.runSequentially(SuiteRunner.java:329)
	at org.testng.SuiteRunner.privateRun(SuiteRunner.java:291)
	at org.testng.SuiteRunner.run(SuiteRunner.java:240)
	at org.testng.SuiteRunnerWorker.runSuite(SuiteRunnerWorker.java:52)
	at org.testng.SuiteRunnerWorker.run(SuiteRunnerWorker.java:86)
	at org.testng.TestNG.runSuitesSequentially(TestNG.java:1198)
	at org.testng.TestNG.runSuitesLocally(TestNG.java:1123)
	at org.testng.TestNG.run(TestNG.java:1031)
	at org.testng.remote.AbstractRemoteTestNG.run(AbstractRemoteTestNG.java:115)
	at org.testng.remote.RemoteTestNG.initAndRun(RemoteTestNG.java:251)
	at org.testng.remote.RemoteTestNG.main(RemoteTestNG.java:77)
]]>
            </full-stacktrace>
          </exception> <!-- java.lang.AssertionError -->
          <reporter-output>
          </reporter-output>
        </test-method> <!-- testCruisesDiscount -->
        <test-method is-config="true" signature="afterSuite()[pri:0, instance:com.automation.exam.tests.TravelocityTests@68034211]" started-at="2021-02-12T09:46:22Z" name="afterSuite" finished-at="2021-02-12T09:46:23Z" duration-ms="963" status="PASS">
          <reporter-output>
          </reporter-output>
        </test-method> <!-- afterSuite -->
      </class> <!-- com.automation.exam.tests.TravelocityTests -->
    </test> <!-- test 1 -->
  </suite> <!-- Travelocity -->
</testng-results>
